<?xml version="1.0" encoding="UTF-8"?>
<!-- Generated by org.testng.reporters.JUnitReportReporter -->
<testsuite skipped="0" hostname="DESKTOP-B9T8IP8" name="ExercisemvnTestcase.Testcase_Items" tests="4" failures="0" timestamp="2021-06-08T19:33:12 ICT" time="16.134" errors="0">
  <testcase name="products_page" time="5.976" classname="ExercisemvnTestcase.Testcase_Items"/>
  <system-out/>
  <testcase name="verify_content_1" time="3.682" classname="ExercisemvnTestcase.Testcase_Items"/>
  <system-out/>
  <testcase name="verify_content_3" time="2.262" classname="ExercisemvnTestcase.Testcase_Items"/>
  <system-out/>
  <testcase name="verify_content_2" time="4.214" classname="ExercisemvnTestcase.Testcase_Items"/>
  <system-out/>
</testsuite> <!-- ExercisemvnTestcase.Testcase_Items -->
