<?xml version="1.0" encoding="UTF-8"?>
<!-- Generated by org.testng.reporters.JUnitReportReporter -->
<testsuite skipped="0" hostname="DESKTOP-B9T8IP8" name="Exercisemvn.Testcase_login" tests="6" failures="0" timestamp="2021-05-11T01:46:18 ICT" time="58.154" errors="0">
  <testcase name="login_Standard" time="10.252" classname="Exercisemvn.Testcase_login"/>
  <system-out/>
  <testcase name="login_Standard" time="9.878" classname="Exercisemvn.Testcase_login"/>
  <system-out/>
  <testcase name="login_problem" time="13.115" classname="Exercisemvn.Testcase_login"/>
  <system-out/>
  <testcase name="login_failure" time="6.207" classname="Exercisemvn.Testcase_login"/>
  <system-out/>
  <testcase name="login_failure" time="6.290" classname="Exercisemvn.Testcase_login"/>
  <system-out/>
  <testcase name="login_problem" time="12.412" classname="Exercisemvn.Testcase_login"/>
  <system-out/>
</testsuite> <!-- Exercisemvn.Testcase_login -->
