<?xml version="1.0" encoding="UTF-8"?>
<!-- Generated by org.testng.reporters.JUnitReportReporter -->
<testsuite skipped="0" hostname="DESKTOP-IAURJO1" name="ExercisemvnTestcase.Testcase_Inventory" tests="5" failures="0" timestamp="2021-05-23T11:02:10 ICT" time="27.206" errors="0">
  <testcase name="buy_an_item" time="1.890" classname="ExercisemvnTestcase.Testcase_Inventory"/>
  <system-out/>
  <testcase name="About" time="4.623" classname="ExercisemvnTestcase.Testcase_Inventory"/>
  <system-out/>
  <testcase name="all_item" time="4.354" classname="ExercisemvnTestcase.Testcase_Inventory"/>
  <system-out/>
  <testcase name="Check_cart_number" time="15.432" classname="ExercisemvnTestcase.Testcase_Inventory"/>
  <system-out/>
  <testcase name="logout" time="0.907" classname="ExercisemvnTestcase.Testcase_Inventory"/>
  <system-out/>
</testsuite> <!-- ExercisemvnTestcase.Testcase_Inventory -->
