<?xml version="1.0" encoding="UTF-8"?>
<!-- Generated by org.testng.reporters.JUnitReportReporter -->
<testsuite skipped="0" hostname="DESKTOP-B9T8IP8" name="Exercisemvn.Testcase_Inventory" tests="10" failures="0" timestamp="2021-05-11T01:46:18 ICT" time="171.260" errors="0">
  <testcase name="buy_an_item" time="22.647" classname="Exercisemvn.Testcase_Inventory"/>
  <system-out/>
  <testcase name="buy_an_item" time="21.804" classname="Exercisemvn.Testcase_Inventory"/>
  <system-out/>
  <testcase name="About" time="16.606" classname="Exercisemvn.Testcase_Inventory"/>
  <system-out/>
  <testcase name="all_item" time="15.987" classname="Exercisemvn.Testcase_Inventory"/>
  <system-out/>
  <testcase name="all_item" time="15.541" classname="Exercisemvn.Testcase_Inventory"/>
  <system-out/>
  <testcase name="About" time="16.005" classname="Exercisemvn.Testcase_Inventory"/>
  <system-out/>
  <testcase name="Check_cart_number" time="22.317" classname="Exercisemvn.Testcase_Inventory"/>
  <system-out/>
  <testcase name="Check_cart_number" time="21.294" classname="Exercisemvn.Testcase_Inventory"/>
  <system-out/>
  <testcase name="logout" time="9.771" classname="Exercisemvn.Testcase_Inventory"/>
  <system-out/>
  <testcase name="logout" time="9.288" classname="Exercisemvn.Testcase_Inventory"/>
  <system-out/>
</testsuite> <!-- Exercisemvn.Testcase_Inventory -->
