<?xml version="1.0" encoding="UTF-8"?>
<!-- Generated by org.testng.reporters.JUnitReportReporter -->
<testsuite skipped="0" hostname="DESKTOP-B9T8IP8" name="ExercisemvnTestcase.Testcase_Items" tests="4" failures="0" timestamp="2021-06-08T11:28:31 ICT" time="11.010" errors="0">
  <testcase name="products_page" time="4.877" classname="ExercisemvnTestcase.Testcase_Items"/>
  <system-out/>
  <testcase name="verify_content_1" time="2.318" classname="ExercisemvnTestcase.Testcase_Items"/>
  <system-out/>
  <testcase name="verify_content_3" time="1.637" classname="ExercisemvnTestcase.Testcase_Items"/>
  <system-out/>
  <testcase name="verify_content_2" time="2.178" classname="ExercisemvnTestcase.Testcase_Items"/>
  <system-out/>
</testsuite> <!-- ExercisemvnTestcase.Testcase_Items -->
