<?xml version="1.0" encoding="UTF-8"?>
<!-- Generated by org.testng.reporters.JUnitReportReporter -->
<testsuite skipped="0" hostname="DESKTOP-B9T8IP8" name="ExercisemvnTestcase.Demo_Wait" tests="1" failures="0" timestamp="2021-05-18T18:38:45 ICT" time="3.299" errors="0">
  <testcase name="excersie" time="3.299" classname="ExercisemvnTestcase.Demo_Wait"/>
  <system-out/>
</testsuite> <!-- ExercisemvnTestcase.Demo_Wait -->
