<?xml version="1.0" encoding="UTF-8"?>
<!-- Generated by org.testng.reporters.JUnitReportReporter -->
<testsuite skipped="0" hostname="DESKTOP-B9T8IP8" name="ExercisemvnTestcase.Testcase_Navigation" tests="5" failures="0" timestamp="2021-06-02T19:26:56 ICT" time="24.237" errors="0">
  <testcase name="buy_an_item" time="7.714" classname="ExercisemvnTestcase.Testcase_Navigation"/>
  <system-out/>
  <testcase name="all_item" time="2.237" classname="ExercisemvnTestcase.Testcase_Navigation"/>
  <system-out/>
  <testcase name="About" time="6.637" classname="ExercisemvnTestcase.Testcase_Navigation"/>
  <system-out/>
  <testcase name="Check_cart_number" time="6.686" classname="ExercisemvnTestcase.Testcase_Navigation"/>
  <system-out/>
  <testcase name="logout" time="0.963" classname="ExercisemvnTestcase.Testcase_Navigation"/>
  <system-out/>
</testsuite> <!-- ExercisemvnTestcase.Testcase_Navigation -->
