<?xml version="1.0" encoding="UTF-8"?>
<!-- Generated by org.testng.reporters.JUnitReportReporter -->
<testsuite skipped="0" hostname="DESKTOP-IAURJO1" name="ExercisemvnTestcase.Testcase_login" tests="3" failures="0" timestamp="2021-05-23T10:35:47 ICT" time="20.531" errors="0">
  <testcase name="login_Standard" time="4.519" classname="ExercisemvnTestcase.Testcase_login"/>
  <system-out/>
  <testcase name="login_problem" time="9.848" classname="ExercisemvnTestcase.Testcase_login"/>
  <system-out/>
  <testcase name="login_failure" time="6.164" classname="ExercisemvnTestcase.Testcase_login"/>
  <system-out/>
</testsuite> <!-- ExercisemvnTestcase.Testcase_login -->
