<?xml version="1.0" encoding="UTF-8"?>
<!-- Generated by org.testng.reporters.JUnitReportReporter -->
<testsuite skipped="0" hostname="DESKTOP-IAURJO1" name="ExercisemvnTestcase.Testcase_login" tests="1" failures="0" timestamp="2021-05-24T11:46:00 ICT" time="1.145" errors="0">
  <testcase name="login_error_page" time="1.145" classname="ExercisemvnTestcase.Testcase_login"/>
  <system-out/>
</testsuite> <!-- ExercisemvnTestcase.Testcase_login -->
