<?xml version="1.0" encoding="UTF-8"?>
<!-- Generated by org.testng.reporters.JUnitReportReporter -->
<testsuite skipped="0" hostname="DESKTOP-B9T8IP8" name="Exercisemvn.Testcase_login" tests="1" failures="0" timestamp="2021-05-09T20:56:36 ICT" time="1.244" errors="0">
  <testcase name="login_Standard" time="1.244" classname="Exercisemvn.Testcase_login"/>
  <system-out/>
</testsuite> <!-- Exercisemvn.Testcase_login -->
