<?xml version="1.0" encoding="UTF-8"?>
<!-- Generated by org.testng.reporters.JUnitReportReporter -->
<testsuite skipped="0" hostname="DESKTOP-B9T8IP8" name="ExercisemvnTestcase.Testcase_login" tests="1" failures="0" timestamp="2021-06-01T20:09:48 ICT" time="4.921" errors="0">
  <testcase name="login_Standard" time="4.921" classname="ExercisemvnTestcase.Testcase_login"/>
  <system-out/>
</testsuite> <!-- ExercisemvnTestcase.Testcase_login -->
