<?xml version="1.0" encoding="UTF-8"?>
<!-- Generated by org.testng.reporters.JUnitReportReporter -->
<testsuite skipped="0" hostname="DESKTOP-IAURJO1" name="ExercisemvnTestcase.Testcase_Items" tests="2" failures="0" timestamp="2021-05-24T10:45:39 ICT" time="3.751" errors="0">
  <testcase name="verify_content_3" time="1.249" classname="ExercisemvnTestcase.Testcase_Items"/>
  <system-out/>
  <testcase name="verify_content_2" time="2.502" classname="ExercisemvnTestcase.Testcase_Items"/>
  <system-out/>
</testsuite> <!-- ExercisemvnTestcase.Testcase_Items -->
