<?xml version="1.0" encoding="UTF-8"?>
<!-- Generated by org.testng.reporters.JUnitReportReporter -->
<testsuite skipped="0" hostname="DESKTOP-B9T8IP8" name="ExercisemvnTestcase.Testcase_Items" tests="4" failures="0" timestamp="2021-06-23T12:46:54 ICT" time="23.967" errors="0">
  <testcase name="products_page" time="3.988" classname="ExercisemvnTestcase.Testcase_Items"/>
  <system-out/>
  <testcase name="verify_content_2" time="8.661" classname="ExercisemvnTestcase.Testcase_Items"/>
  <system-out/>
  <testcase name="verify_content_1" time="8.438" classname="ExercisemvnTestcase.Testcase_Items"/>
  <system-out/>
  <testcase name="verify_content_3" time="2.880" classname="ExercisemvnTestcase.Testcase_Items"/>
  <system-out/>
</testsuite> <!-- ExercisemvnTestcase.Testcase_Items -->
