<?xml version="1.0" encoding="UTF-8"?>
<!-- Generated by org.testng.reporters.JUnitReportReporter -->
<testsuite skipped="0" hostname="DESKTOP-B9T8IP8" name="ExercisemvnTestcase.Testcase_Items" tests="1" failures="0" timestamp="2021-05-23T21:44:04 ICT" time="2.336" errors="0">
  <testcase name="products_page" time="2.336" classname="ExercisemvnTestcase.Testcase_Items"/>
  <system-out/>
</testsuite> <!-- ExercisemvnTestcase.Testcase_Items -->
