<?xml version="1.0" encoding="UTF-8"?>
<!-- Generated by org.testng.reporters.JUnitReportReporter -->
<testsuite skipped="0" hostname="DESKTOP-B9T8IP8" name="ExercisemvnTestcase.Testcase_Inventory" tests="3" failures="0" timestamp="2021-05-18T18:37:49 ICT" time="35.911" errors="0">
  <testcase name="all_item" time="7.498" classname="ExercisemvnTestcase.Testcase_Inventory"/>
  <system-out/>
  <testcase name="About" time="21.469" classname="ExercisemvnTestcase.Testcase_Inventory"/>
  <system-out/>
  <testcase name="logout" time="6.944" classname="ExercisemvnTestcase.Testcase_Inventory"/>
  <system-out/>
</testsuite> <!-- ExercisemvnTestcase.Testcase_Inventory -->
