<?xml version="1.0" encoding="UTF-8"?>
<!-- Generated by org.testng.reporters.JUnitReportReporter -->
<testsuite skipped="0" hostname="DESKTOP-B9T8IP8" name="ExercisemvnTestcase.Testcase_login" tests="4" failures="0" timestamp="2021-06-14T22:54:59 ICT" time="13.189" errors="0">
  <testcase name="login_Standard" time="5.047" classname="ExercisemvnTestcase.Testcase_login"/>
  <system-out/>
  <testcase name="login_failure" time="2.505" classname="ExercisemvnTestcase.Testcase_login"/>
  <system-out/>
  <testcase name="login_problem" time="3.480" classname="ExercisemvnTestcase.Testcase_login"/>
  <system-out/>
  <testcase name="login_error_page" time="2.157" classname="ExercisemvnTestcase.Testcase_login"/>
  <system-out/>
</testsuite> <!-- ExercisemvnTestcase.Testcase_login -->
