<?xml version="1.0" encoding="UTF-8"?>
<!-- Generated by org.testng.reporters.JUnitReportReporter -->
<testsuite skipped="0" hostname="DESKTOP-B9T8IP8" name="ExercisemvnTestcase.Testcase_Navigation" tests="5" failures="0" timestamp="2021-06-23T20:04:51 ICT" time="27.545" errors="0">
  <testcase name="buy_an_item" time="10.085" classname="ExercisemvnTestcase.Testcase_Navigation"/>
  <system-out/>
  <testcase name="About" time="6.468" classname="ExercisemvnTestcase.Testcase_Navigation"/>
  <system-out/>
  <testcase name="all_item" time="2.675" classname="ExercisemvnTestcase.Testcase_Navigation"/>
  <system-out/>
  <testcase name="Check_cart_number" time="7.277" classname="ExercisemvnTestcase.Testcase_Navigation"/>
  <system-out/>
  <testcase name="logout" time="1.040" classname="ExercisemvnTestcase.Testcase_Navigation"/>
  <system-out/>
</testsuite> <!-- ExercisemvnTestcase.Testcase_Navigation -->
