<?xml version="1.0" encoding="UTF-8"?>
<!-- Generated by org.testng.reporters.JUnitReportReporter -->
<testsuite skipped="0" hostname="DESKTOP-B9T8IP8" name="ExercisemvnTestcase.Testcase_Inventory" tests="5" failures="0" timestamp="2021-05-13T00:10:35 ICT" time="84.997" errors="0">
  <testcase name="buy_an_item" time="22.420" classname="ExercisemvnTestcase.Testcase_Inventory"/>
  <system-out/>
  <testcase name="all_item" time="15.533" classname="ExercisemvnTestcase.Testcase_Inventory"/>
  <system-out/>
  <testcase name="About" time="16.287" classname="ExercisemvnTestcase.Testcase_Inventory"/>
  <system-out/>
  <testcase name="Check_cart_number" time="21.460" classname="ExercisemvnTestcase.Testcase_Inventory"/>
  <system-out/>
  <testcase name="logout" time="9.297" classname="ExercisemvnTestcase.Testcase_Inventory"/>
  <system-out/>
</testsuite> <!-- ExercisemvnTestcase.Testcase_Inventory -->
