<?xml version="1.0" encoding="UTF-8"?>
<!-- Generated by org.testng.reporters.JUnitReportReporter -->
<testsuite skipped="0" hostname="DESKTOP-B9T8IP8" name="ExercisemvnTestcase.Testcase_login" tests="3" failures="0" timestamp="2021-05-13T00:07:18 ICT" time="31.637" errors="0">
  <testcase name="login_Standard" time="9.984" classname="ExercisemvnTestcase.Testcase_login"/>
  <system-out/>
  <testcase name="login_problem" time="15.432" classname="ExercisemvnTestcase.Testcase_login"/>
  <system-out/>
  <testcase name="login_failure" time="6.221" classname="ExercisemvnTestcase.Testcase_login"/>
  <system-out/>
</testsuite> <!-- ExercisemvnTestcase.Testcase_login -->
