<?xml version="1.0" encoding="UTF-8"?>
<!-- Generated by org.testng.reporters.JUnitReportReporter -->
<testsuite skipped="0" hostname="DESKTOP-B9T8IP8" name="ExercisemvnTestcase.Testcase_Navigation" tests="1" failures="0" timestamp="2021-05-23T20:55:36 ICT" time="4.354" errors="0">
  <testcase name="buy_an_item" time="4.354" classname="ExercisemvnTestcase.Testcase_Navigation"/>
  <system-out/>
</testsuite> <!-- ExercisemvnTestcase.Testcase_Navigation -->
