<?xml version="1.0" encoding="UTF-8"?>
<!-- Generated by org.testng.reporters.JUnitReportReporter -->
<testsuite skipped="0" hostname="DESKTOP-B9T8IP8" name="ExercisemvnTestcase.Testcase_Items" tests="1" failures="0" timestamp="2021-06-02T21:09:54 ICT" time="3.817" errors="0">
  <testcase name="verify_content_3" time="3.817" classname="ExercisemvnTestcase.Testcase_Items"/>
  <system-out/>
</testsuite> <!-- ExercisemvnTestcase.Testcase_Items -->
