<?xml version="1.0" encoding="UTF-8"?>
<!-- Generated by org.testng.reporters.JUnitReportReporter -->
<testsuite skipped="0" hostname="DESKTOP-B9T8IP8" name="ExercisemvnTestcase.Testcase_login" tests="2" failures="0" timestamp="2021-06-21T14:07:59 ICT" time="7.214" errors="0">
  <testcase name="login_Standard" time="4.658" classname="ExercisemvnTestcase.Testcase_login"/>
  <system-out/>
  <testcase name="login_error_page" time="2.556" classname="ExercisemvnTestcase.Testcase_login"/>
  <system-out/>
</testsuite> <!-- ExercisemvnTestcase.Testcase_login -->
